# List of loaded electron processes to BOLSIG+ solver.
# Can be used as references for reaction rates in input kinetics.
C1_N2_Effective_(momentum)
N2->N2(V1)
N2->N2(V2)
N2->N2(V3)
N2->N2(V4)
N2->N2(V5)
N2->N2(V6)
N2->N2(V7)
N2->N2(V8)
N2->N2(V=0-V=9)
N2->N2(V=0-V=10)
N2->N2(A1)
N2->N2(A2)
N2->N2(B3PG)
N2->N2(W3DU)
N2->N2(A3)
N2->N2(B3SU-)
N2->N2(A1SU-)
N2->N2(A1PG)
N2->N2(W1DU)
N2->N2(C3PU)
N2->N2(E3SG+)
N2->N2(A1SG+)
N2->N2(SING-SUP)
N2->N2+(X)
N2->N2+(B)
O2->O-+O
C28_O2_Effective_(momentum)
O2->O2(V1)
O2->O2(V2)
O2->O2(V3)
O2->O2(V4)
O2->O2(A1DG)
O2->O2(B1SG+)
O2->O2(A3SU+,C3DU,C1SU-)
O2->O(3P)+O(3P)
O2->O(3P)+O(1D)
O2->O2(9.97EV)
O2->O2(14.7EV)
O2->O2+
C41_H2_Elastic
H2->H2(V1)
H2->H2(V2)
H2->H2(V3)
H2->H2(B3SU)
H2->H2(B1SU)
H2->H2(C3PU)
H2->H2(A3SG)
H2->H2(C1PU)
H2->H2(E1SG,F1SG)
H2->H2(E3SU)
H2->H2(B'1SU)
H2->H2(D1PU)
H2->H2(B''1SU)
H2->H2(D'1PU)
H2->H(1S)+H(2P)
H2->H(1S)+H(2S)
H2->H(1S)+H(3)
H2->H(1S)+H(4)
H2->H(1S)+H(5)
H2->H2+
H2O->H2O^-
C63_H2O_Elastic
H2O->H2O*(0.206EV)
H2O->H2O*(0.459EV)
H2O->H2O*(1.058EV)
H2O->H2O*(8.445EV)
H2O->H2O*(14.052EV)
H2O->H2O^+
