 !-------------------------------------------
 !          10-27-2020    15:37:52
 !             Created By KDOC 2.0
 !-------------------------------------------

 CHEMKIN INTERPRETER OUTPUT:CHEMKIN-II Version 3.9  Aug.1994
                              DOUBLE PRECISION

                          --------------------
                          ELEMENTS     ATOMIC
                          CONSIDERED   WEIGHT
                          --------------------
                           1. H       1.00797    
                           2. O       15.9994    
                           3. N       14.0067    
                           4. E      0.545000E-03
                          --------------------
 -------------------------------------------------------------------------------
                          C
                       P  H
                       H  A
                       A  R
 SPECIES               S  G  MOLECULAR  TEMPERATURE  ELEMENT COUNT
 CONSIDERED            E  E  WEIGHT     LOW    HIGH  H  O  N  E  
 -------------------------------------------------------------------------------
   1. H                G  0    1.00797   200   6000   1  0  0  0
   2. H2               G  0    2.01594   200   6000   2  0  0  0
   3. O                G  0   15.99940   200   6000   0  1  0  0
   4. O2               G  0   31.99880   200   6000   0  2  0  0
   5. OH               G  0   17.00737   200   6000   1  1  0  0
   6. H2O              G  0   18.01534   200   6000   2  1  0  0
   7. HO2              G  0   33.00677   200   5000   1  2  0  0
   8. H2O2             G  0   34.01474   200   6000   2  2  0  0
   9. N2               G  0   28.01340   200   6000   0  0  2  0
  10. N                G  0   14.00670   300   5000   0  0  1  0
  11. NH               G  0   15.01467   300   5000   1  0  1  0
  12. NH2              G  0   16.02264   300   5000   2  0  1  0
  13. NH3              G  0   17.03061   300   5000   3  0  1  0
  14. NNH              G  0   29.02137   250   4000   1  0  2  0
  15. N2H2             G  0   30.02934   300   5000   2  0  2  0
  16. N2H3             G  0   31.03731   300   5000   3  0  2  0
  17. N2H4             G  0   32.04528   300   5000   4  0  2  0
  18. NO               G  0   30.00610   300   5000   0  1  1  0
  19. NO2              G  0   46.00550   300   5000   0  2  1  0
  20. N2O              G  0   44.01280   300   5000   0  1  2  0
  21. NO3              G  0   62.00490   300   5000   0  3  1  0
  22. HNO              G  0   31.01407   300   5000   1  1  1  0
  23. HONO             G  0   47.01347   300   5000   1  2  1  0
  24. HNO2             G  0   47.01347   300   4000   1  2  1  0
  25. N2(v1)           G  0   28.01340   200   6000   0  0  2  0
  26. N2(v2)           G  0   28.01340   200   6000   0  0  2  0
  27. N2(v3)           G  0   28.01340   200   6000   0  0  2  0
  28. N2(v4)           G  0   28.01340   200   6000   0  0  2  0
  29. N2(v5)           G  0   28.01340   200   6000   0  0  2  0
  30. N2(v6)           G  0   28.01340   200   6000   0  0  2  0
  31. N2(v7)           G  0   28.01340   200   6000   0  0  2  0
  32. N2(v8)           G  0   28.01340   200   6000   0  0  2  0
  33. H2(v1)           G  0    2.01594   200   6000   2  0  0  0
  34. H2(v2)           G  0    2.01594   200   6000   2  0  0  0
  35. H2(v3)           G  0    2.01594   200   6000   2  0  0  0
  36. O2(v1)           G  0   31.99880   200   6000   0  2  0  0
  37. O2(v2)           G  0   31.99880   200   6000   0  2  0  0
  38. O2(v3)           G  0   31.99880   200   6000   0  2  0  0
  39. O2(v4)           G  0   31.99880   200   6000   0  2  0  0
  40. N2(A)            G  0   28.01340   200   6000   0  0  2  0
  41. N2(B)            G  0   28.01340   200   6000   0  0  2  0
  42. N2(a')           G  0   28.01340   200   6000   0  0  2  0
  43. N2(C)            G  0   28.01340   200   6000   0  0  2  0
  44. N(2D)            G  0   14.00670   300   5000   0  0  1  0
  45. O2(a1)           G  0   31.99880   250   5000   0  2  0  0
  46. O2(b1)           G  0   31.99880   250   5000   0  2  0  0
  47. O2*              G  0   31.99880   250   5000   0  2  0  0
  48. O(1D)            G  0   15.99940   250   5000   0  1  0  0
  49. O(1S)            G  0   15.99940   250   5000   0  1  0  0
  50. O3               G  0   47.99820   200   6000   0  3  0  0
  51. N2+              G  1   28.01285   298   6000   0  0  2 -1
  52. N4+              G  1   56.02625   298   6000   0  0  4 -1
  53. H2+              G  1    2.01539   298   6000   2  0  0 -1
  54. H3+              G  1    3.02336   298   6000   3  0  0 -1
  55. O2+              G  1   31.99826   298   6000   0  2  0 -1
  56. O4+              G  1   63.99706   298   6000   0  4  0 -1
  57. H3O+             G  1   19.02277   298   6000   3  1  0 -1
  58. O-               G -1   15.99995   298   6000   0  1  0  1
  59. O2-              G -1   31.99935   298   6000   0  2  0  1
  60. O4-              G -1   63.99815   298   6000   0  4  0  1
  61. OH-              G -1   17.00792   298   6000   1  1  0  1
  62. E                G -1    0.00055   298   6000   0  0  0  1
 -------------------------------------------------------------------------------



                                                      (k = A T**b exp(-E/RT))
      REACTIONS CONSIDERED                              A        b        E

   1. H+O2<=>O+OH                                   7.26E+14   -0.2    15928.7
   2. O+H2<=>H+OH                                   3.82E+12    0.0     7948.0
      Declared duplicate reaction...
   3. O+H2<=>H+OH                                   8.79E+14    0.0    19170.0
      Declared duplicate reaction...
   4. H2+OH<=>H2O+H                                 2.16E+08    1.5     3430.0
   5. OH+OH=O+H2O                                   9.32E+03    2.6    -2603.7
   6. H+H+H2<=>H2+H2                                1.02E+17   -0.6        0.0
   7. H+H+M<=>H2+M                                  6.52E+17   -1.0      -53.0
         H2O              Enhanced by    1.400E+01
         N2               Enhanced by    1.000E+00
         O2               Enhanced by    1.000E+00
         H2               Enhanced by    0.000E+00
         H                Enhanced by    2.000E+01
   8. O+O+M<=>O2+M                                  6.16E+15   -0.5        0.0
         H2               Enhanced by    2.500E+00
         H2O              Enhanced by    1.200E+01
   9. O+H+M<=>OH+M                                  4.71E+18   -1.0        0.0
         H2               Enhanced by    2.500E+00
         H2O              Enhanced by    1.200E+01
  10. H+OH(+M)=H2O(+M)                              2.51E+13    0.2     -114.0
      Low pressure limit:  0.45000E+26 -0.30640E+01  0.15814E+04
      TROE centering:      0.72000E+00  0.10000E-29  0.10000E+31
         H2               Enhanced by    3.000E+00
         N2               Enhanced by    2.000E+00
         O2               Enhanced by    2.000E+00
         H2O              Enhanced by    2.400E+01
  11. H+O2(+M)<=>HO2(+M)                            1.02E+12    0.6     -241.1
      Low pressure limit:  0.17360E+20 -0.12300E+01  0.00000E+00
      TROE centering:      0.49500E+00  0.10000E-29  0.10000E+31
         H2               Enhanced by    2.000E+00
         H2O              Enhanced by    1.400E+01
         O2               Enhanced by    1.000E+00
  12. HO2+H=H2+O2                                   2.75E+06    2.1    -1451.0
  13. HO2+H<=>OH+OH                                 7.08E+13    0.0      295.0
  14. HO2+O<=>O2+OH                                 3.21E+11    0.7     -534.3
  15. HO2+OH<=>O2+H2O                               7.44E+12    0.1     -915.2
      Declared duplicate reaction...
  16. HO2+OH<=>O2+H2O                               1.17E+23   -2.2    23681.0
      Declared duplicate reaction...
  17. HO2+HO2<=>H2O2+O2                             1.00E+14    0.0    11041.0
      Declared duplicate reaction...
  18. HO2+HO2<=>H2O2+O2                             1.90E+11    0.0    -1409.0
      Declared duplicate reaction...
  19. H2O2(+M)<=>OH+OH(+M)                          2.00E+12    0.9    48749.0
      Low pressure limit:  0.24900E+25 -0.23000E+01  0.48749E+05
      TROE centering:      0.43000E+00  0.10000E-29  0.10000E+31
         H2O              Enhanced by    7.500E+00
         N2               Enhanced by    1.500E+00
         O2               Enhanced by    1.500E+00
         H2O2             Enhanced by    7.700E+00
         H2               Enhanced by    3.700E+00
  20. H2O2+H<=>H2+HO2                               8.02E+06    2.0     3862.0
  21. H2O2+H<=>H2O+OH                               7.06E+06    2.1     3412.0
  22. H2O2+O<=>OH+HO2                               9.55E+06    2.0     3970.0
  23. H2O2+OH<=>HO2+H2O                             1.74E+12    0.0      318.0
      Declared duplicate reaction...
  24. H2O2+OH<=>HO2+H2O                             7.59E+13    0.0     7269.0
      Declared duplicate reaction...
  25. 2N+M<=>N2+M                                   6.53E+14    0.0     -218.9
         N2               Enhanced by    0.000E+00
         O                Enhanced by    3.000E+00
         N                Enhanced by    3.000E+00
  26. 2N+N2<=>2N2                                   3.01E+14    0.0     -251.6
  27. N+O+M<=>NO+M                                  1.96E+19   -1.0        0.0
         N2               Enhanced by    0.000E+00
         O2               Enhanced by    0.000E+00
  28. N+O+N2<=>NO+N2                                6.28E+16   -0.5        0.0
  29. N+O+O2<=>NO+O2                                6.28E+16   -0.5        0.0
  30. N+HO2<=>NO+OH                                 1.02E+13    0.0     1987.2
  31. N+NO<=>N2+O                                   3.27E+12    0.3        0.0
  32. N+O2<=>NO+O                                   6.40E+09    1.0     6280.0
  33. N+OH<=>NO+H                                   3.80E+13    0.0        0.0
  34. NO+O(+M)<=>NO2(+M)                            1.30E+15   -0.8        0.0
      Low pressure limit:  0.47200E+25 -0.28700E+01  0.15500E+04
      TROE centering:      0.95700E+00  0.10000E-89  0.83320E+04
         H2O              Enhanced by    1.200E+01
         H2               Enhanced by    2.000E+00
  35. NO2+O<=>O2+NO                                 1.05E+14   -0.5        0.0
  36. NO2+H<=>NO+OH                                 1.32E+14    0.0      362.0
  37. NO+HO2<=>OH+NO2                               5.00E+12    0.0     -477.0
  38. NO2+HO2<=>HONO+O2                             1.45E+10    0.0        0.0
  39. H2O2+NO2<=>HO2+HONO                           6.88E+02    3.0    12056.0
  40. NO2+NO2<=>2NO+O2                              1.63E+12    0.0    26100.0
  41. N2O(+M)<=>N2+O(+M)                            1.30E+12    0.0    62570.0
      Low pressure limit:  0.40000E+15  0.00000E+00  0.56600E+05
         H2O              Enhanced by    7.500E+00
  42. N2O+O<=>O2+N2                                 3.70E+12    0.0    15936.0
  43. N2O+O<=>2NO                                   9.20E+13    0.0    27679.0
  44. N2O+H<=>N2+OH                                 6.40E+07    1.8    13492.0
  45. N2O+OH<=>HO2+N2                               1.30E-02    4.7    36560.0
  46. N2O+OH<=>HNO+NO                               1.20E-04    4.3    25080.0
  47. N2O+NO<=>NO2+N2                               1.00E+14    0.0    49700.0
  48. N+NO2<=>N2O+O                                 3.49E+12    0.0     -437.2
  49. NO+H(+M)<=>HNO(+M)                            1.52E+15   -0.4        0.0
      Low pressure limit:  0.24000E+15  0.20600E+00 -0.15500E+04
      SRI centering:       0.82000E+00  0.10000E-29  0.10000E+31
         N2               Enhanced by    1.600E+00
  50. HNO+H<=>NO+H2                                 4.40E+11    0.7      650.0
  51. HNO+O<=>OH+NO                                 2.30E+13    0.0        0.0
  52. HNO+OH<=>H2O+NO                               1.30E+07    0.0     -956.0
  53. HNO+HNO<=>H2O+N2O                             8.51E+08    0.0     3080.0
  54. HNO+O2<=>HO2+NO                               2.20E+10    0.0     9140.0
  55. NO+OH(+M)<=>HONO(+M)                          5.97E+12   -0.1     -721.0
      Low pressure limit:  0.15240E+25 -0.25100E+01 -0.67600E+02
      SRI centering:       0.62000E+00  0.00000E+00  0.00000E+00
  56. HNO+NO2<=>HONO+NO                             6.02E+11    0.0     1990.0
  57. HONO+O<=>OH+NO2                               1.20E+13    0.0     5960.0
  58. HONO+OH<=>H2O+NO2                             1.70E+12    0.0     -520.0
  59. NO2+H2<=>HONO+H                               7.33E+11    0.0    28800.0
  60. HONO+H<=>H2O+NO                               8.10E+06    1.9     3845.2
  61. HONO+H<=>OH+HNO                               5.60E+10    0.9     4968.0
  62. 2HONO<=>NO+NO2+H2O                            3.49E-01    3.6    12139.8
  63. NO2+O(+M)=NO3(+M)                             3.50E+12    0.2        0.0
      Low pressure limit:  0.25000E+21 -0.15000E+01  0.00000E+00
      TROE centering:      0.71000E+00  0.10000E-29  0.17000E+04  0.10000E+31
  64. HO2+NO2<=>HNO2+O2                             1.90E+01    3.3     4983.0
  65. H2+NO2<=>H+HNO2                               2.40E+00    3.7    32400.4
  66. 2NO2<=>NO+NO3                                 9.60E+09    0.7    20900.0
  67. HNO2(+M)=HONO(+M)                             2.50E+14    0.0    32300.0
      Low pressure limit:  0.31000E+19  0.00000E+00  0.31500E+05
      TROE centering:      0.11490E+01  0.10000E-29  0.31250E+04  0.10000E+31
  68. HNO2+O<=>NO2+OH                               1.70E+08    1.5     2000.0
  69. HNO2+OH<=>H2O+NO2                             4.00E+13    0.0        0.0
  70. H+NO3<=>NO2+OH                                6.00E+13    0.0        0.0
  71. NO3+O<=>NO2+O2                                1.00E+13    0.0        0.0
  72. NO3+OH<=>HO2+NO2                              1.40E+13    0.0        0.0
  73. HO2+NO3<=>NO2+O2+OH                           1.50E+12    0.0        0.0
  74. NO2+NO3<=>NO+NO2+O2                           5.00E+10    0.0     2940.0
  75. NH3+M=NH2+H+M                                 2.20E+16    0.0    93470.0
  76. H+NH3<=>H2+NH2                                6.40E+05    2.4    10171.0
  77. NH3+O<=>NH2+OH                                9.40E+06    1.9     6460.0
  78. NH3+OH<=>H2O+NH2                              2.00E+06    2.0      566.0
  79. HO2+NH3<=>H2O2+NH2                            3.00E+11    0.0    22000.0
  80. H+NH2<=>H2+NH                                 7.20E+05    2.3     1590.0
  81. NH2+O<=>H+HNO                                 6.60E+13    0.0        0.0
  82. NH2+O<=>NH+OH                                 7.00E+12    0.0        0.0
      Declared duplicate reaction...
  83. NH2+O<=>NH+OH                                 8.60E-01    4.0     1673.0
      Declared duplicate reaction...
  84. NH2+OH<=>H2O+NH                               4.00E+06    2.0     1000.0
  85. HO2+NH2<=>NH3+O2                              9.20E+05    1.9    -1152.0
  86. NH2+O2<=>HNO+OH                               6.21E+07    1.2    35100.3
  87. 2NH2<=>NH+NH3                                 5.00E+13    0.0    10000.0
  88. NH+NH2<=>H+N2H2                               5.00E+13    0.0        0.0
  89. NH+NH2<=>N+NH3                                9.20E+05    1.9     2444.0
  90. N+NH2<=>2H+N2                                 7.00E+13    0.0        0.0
  91. HNO+NH2<=>NH3+NO                              3.60E+06    1.6    -1250.0
  92. NH2+NO<=>H2O+N2                               2.80E+20   -2.6     1258.0
  93. NH2+NO<=>NNH+OH                               2.30E+10    0.4     -814.0
  94. HONO+NH2<=>NH3+NO2                            7.10E+01    3.0    -4940.0
  95. NH2+NO2<=>H2O+N2O                             1.60E+16   -1.4      268.0
  96. H+NH<=>H2+N                                   3.00E+13    0.0        0.0
  97. NH+O<=>H+NO                                   9.20E+13    0.0        0.0
  98. NH+OH<=>H+HNO                                 2.00E+13    0.0        0.0
  99. NH+OH<=>H2O+N                                 5.00E+11    0.5     2000.0
 100. NH+O2<=>HNO+O                                 4.60E+05    2.0     6500.0
 101. NH+O2<=>NO+OH                                 1.30E+06    1.5      100.0
 102. 2NH<=>2H+N2                                   2.50E+13    0.0        0.0
 103. N+NH<=>H+N2                                   3.00E+13    0.0        0.0
 104. NH+NO<=>H+N2O                                 2.90E+14   -0.4        0.0
 105. NH+NO<=>N2+OH                                 2.20E+13   -0.2        0.0
 106. HONO+NH<=>NH2+NO2                             1.00E+13    0.0        0.0
 107. NH+NO2<=>N2O+OH                               1.00E+13    0.0        0.0
 108. NNH<=>H+N2                                    6.50E+07    0.0        0.0
 109. H+NNH<=>H2+N2                                 1.00E+14    0.0        0.0
 110. NNH+O<=>H+N2O                                 1.00E+14    0.0        0.0
 111. NNH+O<=>N2+OH                                 8.00E+13    0.0        0.0
 112. NNH+O<=>NH+NO                                 5.00E+13    0.0        0.0
 113. NNH+OH<=>H2O+N2                               5.00E+13    0.0        0.0
 114. NNH+O2<=>HO2+N2                               2.00E+14    0.0        0.0
 115. NNH+O2<=>H+N2+O2                              5.00E+13    0.0        0.0
 116. NH+NNH<=>N2+NH2                               5.00E+13    0.0        0.0
 117. NH2+NNH<=>N2+NH3                              5.00E+13    0.0        0.0
 118. NNH+NO<=>HNO+N2                               5.00E+13    0.0        0.0
 119. 2NH2<=>N2H4                                   5.60E+48  -11.3    11882.0
 120. H+N2H4<=>H2+N2H3                              7.00E+12    0.0     2500.0
 121. N2H4+O<=>N2H3+OH                              1.50E+11    0.0    -1270.0
 122. N2H4+OH<=>H2O+N2H3                            1.30E+13    0.0     -318.0
 123. N2H4+NH2<=>N2H3+NH3                           3.90E+12    0.0     1500.0
 124. N2H3<=>H+N2H2                                 3.61E+47  -10.4    69009.7
 125. 2NH2<=>H+N2H3                                 1.20E+12    0.0    10084.0
 126. H+N2H3<=>H2+N2H2                              2.40E+08    1.5      -10.0
 127. N2H3+O<=>N2H2+OH                              1.70E+08    1.5     -646.0
 128. N2H3+O<=>HNO+NH2                              3.00E+13    0.0        0.0
 129. N2H3+O=>H+NH2+NO                              3.00E+13    0.0        0.0
 130. N2H3+OH<=>H2O+N2H2                            1.20E+06    2.0    -1192.0
 131. N2H3+OH<=>HNO+NH3                             1.00E+12    0.0    15000.0
 132. HO2+N2H3<=>H2O2+N2H2                          1.40E+04    2.7    -1600.0
 133. HO2+N2H3<=>N2H4+O2                            9.20E+05    1.9     2126.0
 134. N2H3+NH2<=>N2H2+NH3                           9.20E+05    1.9    -1152.0
 135. N2H3+NH<=>N2H2+NH2                            2.00E+13    0.0        0.0
 136. N2H2+M=NNH+H+M                                1.90E+27   -3.0    66107.0
         H2O              Enhanced by    7.000E+00
 137. H+N2H2<=>H2+NNH                               8.50E+04    2.6      230.0
 138. N2H2+O<=>NNH+OH                               3.30E+08    1.5      497.0
 139. N2H2+O<=>NH2+NO                               1.00E+13    0.0        0.0
 140. N2H2+OH<=>H2O+NNH                             5.90E+01    3.4     1360.0
 141. N2H2+NH2<=>NH3+NNH                            8.80E-02    4.0     1610.0
 142. N2H2+NH<=>NH2+NNH                             2.40E+06    2.0    -1192.0
 143. N2H2+NO<=>N2O+NH2                             4.00E+12    0.0    11922.0
 144. O3(+M)=O2+O(+M)                               1.37E+15   -0.7    25990.0
      Low pressure limit:  0.22750E+29 -0.43700E+01  0.27297E+05
      TROE centering:      0.64170E+00  0.39100E-03  0.86807E+04  0.60608E+04
         N2               Enhanced by    1.500E+00
         H2               Enhanced by    3.000E+00
         O2               Enhanced by    1.500E+00
         O3               Enhanced by    3.750E+00
         O                Enhanced by    6.000E+00
 145. O3+O=O2+O2                                    4.82E+12    0.0     4094.0
 146. O3+H=O2+OH                                    8.43E+13    0.0      934.0
 147. O3+H=O+HO2                                    4.52E+11    0.0        0.0
 148. O3+OH=O2+HO2                                  1.85E+11    0.0      831.0
 149. O3+H2O=O2+H2O2                                6.62E+01    0.0        0.0
 150. O3+HO2=OH+O2+O2                               6.62E+09    0.0      994.0
 151. O3+NO=O2+NO2                                  8.43E+11    0.0     2603.0

  NOTE:  A units mole-cm-sec-K, E units cal/mole



NO ERRORS FOUND ON INPUT...CHEMKIN LINKING FILE WRITTEN.

 WORKING SPACE REQUIREMENTS ARE
    INTEGER:     3557
    REAL:        3301
    CHARACTER:     66
