# List of loaded electron processes to BOLSIG+ solver.
# Can be used as references for reaction rates in input kinetics.
C1_N2_Effective_(momentum)
N2->N2(V1)
N2->N2(V2)
N2->N2(V3)
N2->N2(V4)
N2->N2(V5)
N2->N2(V6)
N2->N2(V7)
N2->N2(V8)
N2->N2(V=0-V=9)
N2->N2(V=0-V=10)
N2->N2(A1)
N2->N2(A2)
N2->N2(B3PG)
N2->N2(W3DU)
N2->N2(A3)
N2->N2(B3SU-)
N2->N2(A1SU-)
N2->N2(A1PG)
N2->N2(W1DU)
N2->N2(C3PU)
N2->N2(E3SG+)
N2->N2(A1SG+)
N2->N2(SING-SUP)
N2->N2+(X)
N2->N2+(B)
O2->O-+O
C28_O2_Effective_(momentum)
O2->O2(V1)
O2->O2(V2)
O2->O2(V3)
O2->O2(V4)
O2->O2(A1DG)
O2->O2(B1SG+)
O2->O2(A3SU+,C3DU,C1SU-)
O2->O(3P)+O(3P)
O2->O(3P)+O(1D)
O2->O2(9.97EV)
O2->O2(14.7EV)
O2->O2+
C41_CH3OCH3_Elastic
CH3OCH3->CH3OCH3+
CH3OCH3->CH3OCH3(V1)
CH3OCH3->CH3OCH3(V2)
CH3OCH3->CH3OCH3(V3)
CH3OCH3->CH3OCH3(V4)
CH3OCH3->CH3OCH3(V5)
CH3OCH3->CH3O+CH3
CH3OCH3->CH3OCH2+H
